C51 COMPILER V9.52.0.0   LED                                                               11/07/2016 19:11:44 PAGE 1   


C51 COMPILER V9.52.0.0, COMPILATION OF MODULE LED
OBJECT MODULE PLACED IN led.OBJ
COMPILER INVOKED BY: C:\Keil\C51\BIN\C51.EXE led.c BROWSE DEBUG OBJECTEXTEND TABS(2)

line level    source

   1          #include<reg51.h>                    //header reg51
   2          
   3          sbit led = P3^2;                     //define port p32
   4          
   5          void delay()
   6          {
   7   1          int i, j;
   8   1      
   9   1          for (i=0; i<1000; i++)
  10   1          for (j=0; j<500; j++);
  11   1      }
  12          
  13          
  14          void main(void)                     //main
  15          {
  16   1        P3 = 0x00;              //output P0 all low
  17   1        led = 1;
  18   1        while(1)                        //loop
  19   1        {
  20   2          led = 1;
  21   2          delay();                 
  22   2          led = 0;
  23   2          delay();                
  24   2        }
  25   1      }


MODULE INFORMATION:   STATIC OVERLAYABLE
   CODE SIZE        =     46    ----
   CONSTANT SIZE    =   ----    ----
   XDATA SIZE       =   ----    ----
   PDATA SIZE       =   ----    ----
   DATA SIZE        =   ----    ----
   IDATA SIZE       =   ----    ----
   BIT SIZE         =   ----    ----
END OF MODULE INFORMATION.


C51 COMPILATION COMPLETE.  0 WARNING(S),  0 ERROR(S)
