C51 COMPILER V9.52.0.0   LED                                                               11/07/2016 02:54:18 PAGE 1   


C51 COMPILER V9.52.0.0, COMPILATION OF MODULE LED
OBJECT MODULE PLACED IN led.OBJ
COMPILER INVOKED BY: C:\Keil\C51\BIN\C51.EXE led.c BROWSE DEBUG OBJECTEXTEND TABS(2)

line level    source

   1          #include "STC15.h"
   2          
   3          void delay()
   4          {
   5   1          int i, j;
   6   1      
   7   1          for (i=0; i<1000; i++)
   8   1          for (j=0; j<500; j++);
   9   1      }
  10          
  11          
  12          void main()
  13          {
  14   1      
  15   1          while (1)
  16   1          {
  17   2              P32 = 0;          //P3.0/P3.1?????USB????????
  18   2              delay();
  19   2              P32 = 1;
  20   2              delay();
  21   2      
  22   2          }
  23   1      }
  24          


MODULE INFORMATION:   STATIC OVERLAYABLE
   CODE SIZE        =     41    ----
   CONSTANT SIZE    =   ----    ----
   XDATA SIZE       =   ----    ----
   PDATA SIZE       =   ----    ----
   DATA SIZE        =   ----    ----
   IDATA SIZE       =   ----    ----
   BIT SIZE         =   ----    ----
END OF MODULE INFORMATION.


C51 COMPILATION COMPLETE.  0 WARNING(S),  0 ERROR(S)
